============================================================
  Generated by:           Genus(TM) Synthesis Solution 19.13-s073_1
  Generated on:           Apr 13 2024  05:06:10 pm
  Module:                 bound_flasher
  Technology libraries:   slow_1v0 
                          pll 0.0
                          CDK_S128x16 0.0
                          CDK_S256x16 0.0
                          CDK_R512x16 0.0
                          physical_cells 
  Operating conditions:   slow 
  Interconnect mode:      global
  Area mode:              physical library
============================================================

Timing
--------

Clock Period 
-------------
clk   1500.0 


  Cost    Critical         Violating 
 Group   Path Slack  TNS     Paths   
-------------------------------------
clk             0.3   0.0          0 
default    No paths   0.0            
-------------------------------------
Total                 0.0          0 

Instance Count
--------------
Leaf Instance Count             164 
Physical Instance count           0 
Sequential Instance Count        13 
Combinational Instance Count    151 
Hierarchical Instance Count       0 

Area
----
Cell Area                          521.516
Physical Cell Area                 0.000
Total Cell Area (Cell+Physical)    521.516
Net Area                           184.072
Total Area (Cell+Physical+Net)     705.588

Runtime                            0.0 seconds
Elapsed Runtime                    31 seconds
Genus peak memory usage            1017.23 
Innovus peak memory usage          no_value 
Hostname                           localhost
